[2025-10-12 02:37:32] [31merror[39m: [31mSignup error: [39m
[31mInvalid `prisma.user.create()` invocation in[39m
[31m/home/tesfaye/clearance-portal/src/controllers/ auth.controller.ts:30:36[39m

[31m  27 [39m
[31m  28 const hashedPassword = await bcrypt.hash(password, 10);[39m
[31m  29 [39m
[31m→ 30 const user = await prisma.user.create({[39m
[31m       data: {[39m
[31m         full_name: "besukal",[39m
[31m         email: "besukalgetahun2@gmail.com",[39m
[31m         password: "$2b$10$RoPc9OGIax60/myTXpqlYuc62JD1eBaM2uNdksNnzHEETNiHX5LUS",[39m
[31m         role: "admin"[39m
[31m               ~~~~~~~[39m
[31m       }[39m
[31m     })[39m

[31mInvalid value for argument `role`. Expected Role.[39m
[2025-10-12 02:38:00] [31merror[39m: [31mSignup error: [39m
[31mInvalid `prisma.user.create()` invocation in[39m
[31m/home/tesfaye/clearance-portal/src/controllers/ auth.controller.ts:30:36[39m

[31m  27 [39m
[31m  28 const hashedPassword = await bcrypt.hash(password, 10);[39m
[31m  29 [39m
[31m→ 30 const user = await prisma.user.create({[39m
[31m       data: {[39m
[31m         full_name: "besukal",[39m
[31m         email: "besukalgetahun2@gmail.com",[39m
[31m         password: "$2b$10$IbEhrc/QVem1dM6lkio6Jem7N94f.5ijga7rGQMWbqMzd7Jlp7d5m",[39m
[31m         role: "student"[39m
[31m               ~~~~~~~~~[39m
[31m       }[39m
[31m     })[39m

[31mInvalid value for argument `role`. Expected Role.[39m
[2025-10-12 02:38:02] [31merror[39m: [31mSignup error: [39m
[31mInvalid `prisma.user.create()` invocation in[39m
[31m/home/tesfaye/clearance-portal/src/controllers/ auth.controller.ts:30:36[39m

[31m  27 [39m
[31m  28 const hashedPassword = await bcrypt.hash(password, 10);[39m
[31m  29 [39m
[31m→ 30 const user = await prisma.user.create({[39m
[31m       data: {[39m
[31m         full_name: "besukal",[39m
[31m         email: "besukalgetahun2@gmail.com",[39m
[31m         password: "$2b$10$HFkugsjpcPhvLiFbP3eg9eh4DZcvCVr9LuxgM42Aw2MyzAe6wVhQ.",[39m
[31m         role: "student"[39m
[31m               ~~~~~~~~~[39m
[31m       }[39m
[31m     })[39m

[31mInvalid value for argument `role`. Expected Role.[39m
[2025-10-12 02:41:07] [31merror[39m: [31mSignup error: [39m
[31mInvalid `prisma.user.create()` invocation in[39m
[31m/home/tesfaye/clearance-portal/src/controllers/ auth.controller.ts:30:36[39m

[31m  27 [39m
[31m  28 const hashedPassword = await bcrypt.hash(password, 10);[39m
[31m  29 [39m
[31m→ 30 const user = await prisma.user.create({[39m
[31m       data: {[39m
[31m         full_name: "besukal",[39m
[31m         email: "besukalgetahun2@gmail.com",[39m
[31m         password: "$2b$10$cCrX37imMWtZezdTKDEF7uAqaXL2gLdhYiJytoPMyeh.QXiASUBLS",[39m
[31m         role: "student"[39m
[31m               ~~~~~~~~~[39m
[31m       }[39m
[31m     })[39m

[31mInvalid value for argument `role`. Expected Role.[39m
[2025-10-12 02:42:19] [31merror[39m: [31mSignup error: [39m
[31mInvalid `prisma.user.create()` invocation in[39m
[31m/home/tesfaye/clearance-portal/src/controllers/ auth.controller.ts:30:36[39m

[31m  27 [39m
[31m  28 const hashedPassword = await bcrypt.hash(password, 10);[39m
[31m  29 [39m
[31m→ 30 const user = await prisma.user.create({[39m
[31m       data: {[39m
[31m         full_name: "besukal",[39m
[31m         email: "besukalgetahun2@gmail.com",[39m
[31m         password: "$2b$10$bDUup9ZCLlADk8CcwDDE8eX1aQll2I56IYctL/b0VRL8g607JZMB.",[39m
[31m         role: "admin"[39m
[31m               ~~~~~~~[39m
[31m       }[39m
[31m     })[39m

[31mInvalid value for argument `role`. Expected Role.[39m
[2025-10-12 02:42:21] [31merror[39m: [31mSignup error: [39m
[31mInvalid `prisma.user.create()` invocation in[39m
[31m/home/tesfaye/clearance-portal/src/controllers/ auth.controller.ts:30:36[39m

[31m  27 [39m
[31m  28 const hashedPassword = await bcrypt.hash(password, 10);[39m
[31m  29 [39m
[31m→ 30 const user = await prisma.user.create({[39m
[31m       data: {[39m
[31m         full_name: "besukal",[39m
[31m         email: "besukalgetahun2@gmail.com",[39m
[31m         password: "$2b$10$fn7.k67PgZz/GoxLS8r5ze0rgxFYsjnd07GCk5ePE7TAqNUwdVNuW",[39m
[31m         role: "admin"[39m
[31m               ~~~~~~~[39m
[31m       }[39m
[31m     })[39m

[31mInvalid value for argument `role`. Expected Role.[39m
[2025-10-12 02:43:34] [31merror[39m: [31mSignup error: [39m
[31mInvalid `prisma.user.create()` invocation in[39m
[31m/home/tesfaye/clearance-portal/src/controllers/ auth.controller.ts:30:36[39m

[31m  27 [39m
[31m  28 const hashedPassword = await bcrypt.hash(password, 10);[39m
[31m  29 [39m
[31m→ 30 const user = await prisma.user.create({[39m
[31m       data: {[39m
[31m         full_name: "besukal",[39m
[31m         email: "besukalgetahun2@gmail.com",[39m
[31m         password: "$2b$10$tTQSzMwqVT6D7mTkU0k5duS/T0Jzen/KMofZXBrQa/F7jXGmqWCSS",[39m
[31m         role: "admin"[39m
[31m               ~~~~~~~[39m
[31m       }[39m
[31m     })[39m

[31mInvalid value for argument `role`. Expected Role.[39m
[2025-10-12 03:54:35] [31merror[39m: [31mFailed to create department: [39m
[31mInvalid `prisma.department.create()` invocation in[39m
[31m/home/tesfaye/clearance-portal/src/services/department.service.ts:4:28[39m

[31m  1 import prisma from "../config/db.js";[39m
[31m  2 [39m
[31m  3 export const createDepartment = async (data: any) => {[39m
[31m→ 4   return prisma.department.create({[39m
[31m        data: {[39m
[31m          name: "Computer Science",[39m
[31m          description: "CS Department",[39m
[31m          ~~~~~~~~~~~[39m
[31m      ?   users?: UserCreateNestedManyWithoutDepartmentInput,[39m
[31m      ?   departmentClearanceStatuses?: DepartmentClearanceStatusCreateNestedManyWithoutDepartmentInput[39m
[31m        }[39m
[31m      })[39m

[31mUnknown argument `description`. Available options are marked with ?.[39m
[2025-10-12 03:54:38] [31merror[39m: [31mFailed to create department: [39m
[31mInvalid `prisma.department.create()` invocation in[39m
[31m/home/tesfaye/clearance-portal/src/services/department.service.ts:4:28[39m

[31m  1 import prisma from "../config/db.js";[39m
[31m  2 [39m
[31m  3 export const createDepartment = async (data: any) => {[39m
[31m→ 4   return prisma.department.create({[39m
[31m        data: {[39m
[31m          name: "Computer Science",[39m
[31m          description: "CS Department",[39m
[31m          ~~~~~~~~~~~[39m
[31m      ?   users?: UserCreateNestedManyWithoutDepartmentInput,[39m
[31m      ?   departmentClearanceStatuses?: DepartmentClearanceStatusCreateNestedManyWithoutDepartmentInput[39m
[31m        }[39m
[31m      })[39m

[31mUnknown argument `description`. Available options are marked with ?.[39m
[2025-10-12 03:57:11] [31merror[39m: [31mFailed to update department: [39m
[31mInvalid `prisma.department.update()` invocation in[39m
[31m/home/tesfaye/clearance-portal/src/services/department.service.ts:12:28[39m

[31m   9 };[39m
[31m  10 [39m
[31m  11 export const updateDepartment = async (id: number, data: any) => {[39m
[31m→ 12   return prisma.department.update([39m
[31mUnique constraint failed on the constraint: `Department_name_key`[39m
